version: (200506)

available memory: 64M bytes
used memory: 352256 bytes [need 344K bytes if disable swap]

used block: 8 [memory(8) file(0)]
                 [ 8K(3) 64K(5) { total 344K bytes } ]
overhead: (9514) bytes for (8) blocks [Average: (1189) bytes/block]

write  => 0(times) 0K(bytes) [0K bytes to file]
read   => 5(times) 14K(bytes) [2K bytes compressed data from file]
access => 141732(times) 1115M(bytes)
          [hit ratio: 99.9965%]

time: write(0) read(0)  unit: second

swap file directory: (/home/host/project/mercury/sim/verdiLog)
used swap file number: (6)



swap file manager:
arrSize: (256)
idxCnt: (7)
closeHead: (1)
closeTail: (6)
openCnt: (6)
fid(6): fd(1073741828) fileName(/home/host/project/mercury/sim/build/simv.daidir/kdb.elab++/work.lib++/exu_decoder.sv.tdc)
	size(640) lastModTime(1754042687) curModTime(1754042687)
	mode(rb)	hot(0) cool(5) pos(0)
fid(5): fd(1073741827) fileName(/home/host/project/mercury/sim/build/simv.daidir/kdb.elab++/work.lib++/exu_top.sv.tdc)
	size(1206) lastModTime(1754042687) curModTime(1754042687)
	mode(rb)	hot(6) cool(4) pos(0)
fid(4): fd(1073741826) fileName(/home/host/project/mercury/sim/build/simv.daidir/kdb.elab++/work.lib++/ifu_top.sv.tdc)
	size(939) lastModTime(1754042687) curModTime(1754042687)
	mode(rb)	hot(5) cool(3) pos(0)
fid(3): fd(1073741825) fileName(/home/host/project/mercury/sim/build/simv.daidir/kdb.elab++/work.lib++/mercury_top.v.tdc)
	size(2013) lastModTime(1754042687) curModTime(1754042687)
	mode(rb)	hot(4) cool(2) pos(0)
fid(2): fd(25) fileName(/home/host/project/mercury/sim/verdiLog/_swap_0001#-1028556854#11773)
	size(0) lastModTime(0) curModTime(1754042703)
	mode(w+b)	hot(3) cool(1) pos(0)
fid(1): fd(1073741824) fileName(/home/host/project/mercury/sim/build/simv.daidir/kdb.elab++/work.lib++/sim_tb.sv.tdc)
	size(1324) lastModTime(1754042687) curModTime(1754042687)
	mode(rb)	hot(2) cool(0) pos(0)
fid(0): fd(0) fileName(NULL)
	mode(NULL)	hot(0) cool(0) pos(0)
==================================================
mySelf(0x202ed390) pre(0x1ed57eb0) next((nil))
version(200506)
date(May 16 2024 02:58:46)
